Step 1/6 : FROM ruby:2.5
 ---> 54cb86b0bcdc
Step 2/6 : RUN curl -sL https://deb.nodesource.com/setup_10.x | bash -         && apt-get install -y nodejs --no-install-recommends && rm -rf /var/lib/apt/lists/*
 ---> Using cache
 ---> 2feab48811a6
Step 3/6 : RUN apt-get update && apt-get install -y mysql-client sqlite3 --no-install-recommends && rm -rf /var/lib/apt/lists/
 ---> Running in 3df5585bf1b7
Get:1 http://security.debian.org/debian-security buster/updates InRelease [65.4 kB]
Get:2 http://deb.debian.org/debian buster InRelease [122 kB]
Get:3 http://deb.debian.org/debian buster-updates InRelease [49.3 kB]
Get:4 http://security.debian.org/debian-security buster/updates/main amd64 Packages [168 kB]
Get:5 http://deb.debian.org/debian buster/main amd64 Packages [7908 kB]
Get:6 https://deb.nodesource.com/node_10.x buster InRelease [4584 B]
Get:7 https://deb.nodesource.com/node_10.x buster/main amd64 Packages [768 B]
Get:8 http://deb.debian.org/debian buster-updates/main amd64 Packages [5792 B]
Fetched 8323 kB in 10s (829 kB/s)
Reading package lists...
Reading package lists...
Building dependency tree...
Reading state information...
Package mysql-client is not available, but is referred to by another package.
This may mean that the package is missing, has been obsoleted, or
is only available from another source

[91mE[0m[91m: [0m[91mPackage 'mysql-client' has no installation candidate[0m[91m
[0m